<?xml version="1.0" encoding="UTF-8"?>
<testng-results skipped="0" failed="0" ignored="0" total="1" passed="1">
  <reporter-output>
  </reporter-output>
  <suite name="Default suite" duration-ms="180128" started-at="2018-10-09T00:24:40Z" finished-at="2018-10-09T00:27:40Z">
    <groups>
    </groups>
    <test name="Default test" duration-ms="180128" started-at="2018-10-09T00:24:40Z" finished-at="2018-10-09T00:27:40Z">
      <class name="PHPTravels.SearchFlight">
        <test-method status="PASS" signature="beforeClass()[pri:0, instance:PHPTravels.SearchFlight@2b98378d]" name="beforeClass" is-config="true" duration-ms="7724" started-at="2018-10-09T11:24:40Z" finished-at="2018-10-09T11:24:48Z">
          <reporter-output>
          </reporter-output>
        </test-method> <!-- beforeClass -->
        <test-method status="PASS" signature="searchFlight()[pri:0, instance:PHPTravels.SearchFlight@2b98378d]" name="searchFlight" duration-ms="169914" started-at="2018-10-09T11:24:48Z" finished-at="2018-10-09T11:27:38Z">
          <reporter-output>
          </reporter-output>
        </test-method> <!-- searchFlight -->
        <test-method status="PASS" signature="afterClass()[pri:0, instance:PHPTravels.SearchFlight@2b98378d]" name="afterClass" is-config="true" duration-ms="2429" started-at="2018-10-09T11:27:38Z" finished-at="2018-10-09T11:27:40Z">
          <reporter-output>
          </reporter-output>
        </test-method> <!-- afterClass -->
      </class> <!-- PHPTravels.SearchFlight -->
    </test> <!-- Default test -->
  </suite> <!-- Default suite -->
</testng-results>
