<?xml version="1.0" encoding="UTF-8"?>
<!-- Generated by org.testng.reporters.JUnitXMLReporter -->
<testsuite hostname="ADITLT22-THINK" ignored="0" name="SearchFlight" tests="1" failures="1" timestamp="06 Oct 2018 08:36:53 GMT" time="36.767" errors="0">
  <testcase name="searchFlight" time="29.53" classname="PHPTravels.SearchFlight">
    <failure type="java.lang.NullPointerException">
      <![CDATA[java.lang.NullPointerException
	at PHPTravels.SearchFlight.searchFlight(SearchFlight.java:74)
... Removed 25 stack frames]]>
    </failure>
  </testcase> <!-- searchFlight -->
</testsuite> <!-- SearchFlight -->
